<?xml version="1.0" encoding="UTF-8"?>
<testng-results ignored="0" total="1" passed="1" failed="0" skipped="0">
  <reporter-output>
  </reporter-output>
  <suite started-at="2024-03-12T13:11:52 IST" name="Surefire suite" finished-at="2024-03-12T13:12:02 IST" duration-ms="10426">
    <groups>
      <group name="cucumber">
        <method signature="AbstractTestNGCucumberTests.runScenario(io.cucumber.testng.PickleWrapper, io.cucumber.testng.FeatureWrapper)[pri:0, instance:runner_.LoginRunner@b7f23d9]" name="runScenario" class="io.cucumber.testng.AbstractTestNGCucumberTests"/>
      </group> <!-- cucumber -->
    </groups>
    <test started-at="2024-03-12T13:11:52 IST" name="Surefire test" finished-at="2024-03-12T13:12:02 IST" duration-ms="10426">
      <class name="runner_.LoginRunner">
        <test-method is-config="true" signature="setUpClass()[pri:0, instance:runner_.LoginRunner@b7f23d9]" started-at="2024-03-12T13:11:52 IST" name="setUpClass" finished-at="2024-03-12T13:11:53 IST" duration-ms="954" status="PASS">
          <reporter-output>
          </reporter-output>
        </test-method> <!-- setUpClass -->
        <test-method signature="runScenario(io.cucumber.testng.PickleWrapper, io.cucumber.testng.FeatureWrapper)[pri:0, instance:runner_.LoginRunner@b7f23d9]" started-at="2024-03-12T13:11:53 IST" name="runScenario" description="Runs Cucumber Scenarios" data-provider="scenarios" finished-at="2024-03-12T13:12:02 IST" duration-ms="9309" status="PASS">
          <params>
            <param index="0">
              <value>
                <![CDATA["Validating login page"]]>
              </value>
            </param>
            <param index="1">
              <value>
                <![CDATA["Optional[Login Feature]"]]>
              </value>
            </param>
          </params>
          <reporter-output>
          </reporter-output>
        </test-method> <!-- runScenario -->
        <test-method is-config="true" signature="tearDownClass()[pri:0, instance:runner_.LoginRunner@b7f23d9]" started-at="2024-03-12T13:12:02 IST" name="tearDownClass" finished-at="2024-03-12T13:12:02 IST" duration-ms="52" status="PASS">
          <reporter-output>
          </reporter-output>
        </test-method> <!-- tearDownClass -->
      </class> <!-- runner_.LoginRunner -->
    </test> <!-- Surefire test -->
  </suite> <!-- Surefire suite -->
</testng-results>
